<?xml version="1.0" encoding="UTF-8"?>
<testsuite name="com.amaap.scrabblegame.domain.DoublesTest" tests="5" skipped="0" failures="0" errors="0" timestamp="2024-03-30T08:50:47" hostname="RAHULSLAPPY" time="0.03">
  <properties/>
  <testcase name="shouldBeAbleToThrowEmptyStringException()" classname="com.amaap.scrabblegame.domain.DoublesTest" time="0.009"/>
  <testcase name="shouldBeAbleToThrowExceptionIfOtherThanStringIsGiven()" classname="com.amaap.scrabblegame.domain.DoublesTest" time="0.008"/>
  <testcase name="shouldAbleToPerformForDoubleTheLetterAfterTheNormalScrabbleSum()" classname="com.amaap.scrabblegame.domain.DoublesTest" time="0.001"/>
  <testcase name="shouldAbleToPerformForCompleteDoubleTheWordAfterTheNormalScrabbleSum()" classname="com.amaap.scrabblegame.domain.DoublesTest" time="0.002"/>
  <testcase name="shouldAbleToPerformForDoubleTheWordAfterTheNormalScrabbleSum()" classname="com.amaap.scrabblegame.domain.DoublesTest" time="0.001"/>
  <system-out><![CDATA[]]></system-out>
  <system-err><![CDATA[]]></system-err>
</testsuite>
