<?xml version="1.0" encoding="UTF-8"?>
<testsuite name="models.TriplesTest" tests="2" skipped="0" failures="0" errors="0" timestamp="2024-03-30T03:17:15" hostname="RAHULSLAPPY" time="0.086">
  <properties/>
  <testcase name="shouldAbleToPerformForTripleTheWordAfterTheNormalScrabbleSum()" classname="models.TriplesTest" time="0.076"/>
  <testcase name="shouldAbleToPerformForTripleTheLetterAfterTheNormalScrabbleSum()" classname="models.TriplesTest" time="0.004"/>
  <system-out><![CDATA[]]></system-out>
  <system-err><![CDATA[]]></system-err>
</testsuite>
