<?xml version="1.0" encoding="UTF-8"?>
<testsuite name="com.amaap.scrabblegame.domain.ValidatorTest" tests="12" skipped="0" failures="0" errors="0" timestamp="2024-03-31T07:10:02" hostname="RAHULSLAPPY" time="0.037">
  <properties/>
  <testcase name="shouldBeAbleToDetectInvalidStringWithSpecialCharacters()" classname="com.amaap.scrabblegame.domain.ValidatorTest" time="0.001"/>
  <testcase name="shouldBeAbleToDetectInvalidStringWithLeadingSpace()" classname="com.amaap.scrabblegame.domain.ValidatorTest" time="0.002"/>
  <testcase name="shouldBeAbleToDetectInvalidStringWithSpaceOnly()" classname="com.amaap.scrabblegame.domain.ValidatorTest" time="0.001"/>
  <testcase name="shouldBeAbleToDetectValidString()" classname="com.amaap.scrabblegame.domain.ValidatorTest" time="0.005"/>
  <testcase name="shouldBeAbleToDetectNullString()" classname="com.amaap.scrabblegame.domain.ValidatorTest" time="0.001"/>
  <testcase name="shouldBeAbleToDetectNonNullString()" classname="com.amaap.scrabblegame.domain.ValidatorTest" time="0.001"/>
  <testcase name="shouldBeAbleToDetectValidStringWithMultipleWords()" classname="com.amaap.scrabblegame.domain.ValidatorTest" time="0.002"/>
  <testcase name="shouldBeAbleToDetectInvalidStringWithTrailingSpace()" classname="com.amaap.scrabblegame.domain.ValidatorTest" time="0.001"/>
  <testcase name="shouldBeAbleToDetectInvalidStringWithNumbers()" classname="com.amaap.scrabblegame.domain.ValidatorTest" time="0.001"/>
  <testcase name="shouldBeAbleToDetectNonEmptyString()" classname="com.amaap.scrabblegame.domain.ValidatorTest" time="0.001"/>
  <testcase name="shouldBeAbleToDetectValidStringWithSingleWord()" classname="com.amaap.scrabblegame.domain.ValidatorTest" time="0.003"/>
  <testcase name="shouldBeAbleToDetectEmptyString()" classname="com.amaap.scrabblegame.domain.ValidatorTest" time="0.002"/>
  <system-out><![CDATA[]]></system-out>
  <system-err><![CDATA[]]></system-err>
</testsuite>
