<?xml version="1.0" encoding="UTF-8"?>
<testsuite name="ScrabbleTest" tests="1" skipped="0" failures="0" errors="0" timestamp="2024-03-17T05:15:28" hostname="RAHULSLAPPY" time="0.19">
  <properties/>
  <testcase name="shouldAbleTOStartTeGame()" classname="ScrabbleTest" time="0.19"/>
  <system-out><![CDATA[]]></system-out>
  <system-err><![CDATA[]]></system-err>
</testsuite>
