<?xml version="1.0" encoding="UTF-8"?>
<testsuite name="com.amaap.scrabblegame.controller.PlayerControllerTest" tests="2" skipped="0" failures="0" errors="0" timestamp="2024-04-29T16:48:21" hostname="RAHULSLAPPY" time="0.053">
  <properties/>
  <testcase name="shouldThrowExceptionIfInvalidIdIsPassed()" classname="com.amaap.scrabblegame.controller.PlayerControllerTest" time="0.049"/>
  <testcase name="shouldBeAbleToCreateThePlayerWithTheId()" classname="com.amaap.scrabblegame.controller.PlayerControllerTest" time="0.002"/>
  <system-out><![CDATA[]]></system-out>
  <system-err><![CDATA[]]></system-err>
</testsuite>
