<?xml version="1.0" encoding="UTF-8"?>
<testsuite name="ScrabbleTest" tests="3" skipped="0" failures="0" errors="0" timestamp="2024-03-17T05:25:20" hostname="RAHULSLAPPY" time="0.076">
  <properties/>
  <testcase name="shouldAbleTOCreateInstanceOfScrabbleClass()" classname="ScrabbleTest" time="0.061"/>
  <testcase name="shouldAbleToThrowExceptionIfInputISEmpty()" classname="ScrabbleTest" time="0.007"/>
  <testcase name="shouldAbleTOStartTeGame()" classname="ScrabbleTest" time="0.004"/>
  <system-out><![CDATA[]]></system-out>
  <system-err><![CDATA[]]></system-err>
</testsuite>
