<?xml version="1.0" encoding="UTF-8"?>
<testsuite name="com.amaap.scrabblegame.repository.InMemoryPlayerRepositoryTest" tests="3" skipped="0" failures="0" errors="0" timestamp="2024-04-29T16:48:21" hostname="RAHULSLAPPY" time="0.013">
  <properties/>
  <testcase name="shouldBeAbleToInsertPlayerSuccessfully()" classname="com.amaap.scrabblegame.repository.InMemoryPlayerRepositoryTest" time="0.004"/>
  <testcase name="shouldBeAbleToRetrievePlayerIds()" classname="com.amaap.scrabblegame.repository.InMemoryPlayerRepositoryTest" time="0.002"/>
  <testcase name="shouldBeAbleToReturnEmptyListIfNoPlayersInserted()" classname="com.amaap.scrabblegame.repository.InMemoryPlayerRepositoryTest" time="0.002"/>
  <system-out><![CDATA[]]></system-out>
  <system-err><![CDATA[]]></system-err>
</testsuite>
