<?xml version="1.0" encoding="UTF-8"?>
<testsuite name="com.amaap.scrabblegame.domain.TriplesTest" tests="6" skipped="0" failures="0" errors="0" timestamp="2024-03-31T07:10:02" hostname="RAHULSLAPPY" time="0.023">
  <properties/>
  <testcase name="shouldBeAbleToThrowEmptyStringException()" classname="com.amaap.scrabblegame.domain.TriplesTest" time="0.005"/>
  <testcase name="shouldBeAbleToThrowExceptionIfOtherThanStringIsGiven()" classname="com.amaap.scrabblegame.domain.TriplesTest" time="0.006"/>
  <testcase name="shouldAbleToPerformForTripleTheWordAfterTheNormalScrabbleSum()" classname="com.amaap.scrabblegame.domain.TriplesTest" time="0.0"/>
  <testcase name="shouldAbleToPerformForTripleTheLetterAfterTheNormalScrabbleSum()" classname="com.amaap.scrabblegame.domain.TriplesTest" time="0.001"/>
  <testcase name="shouldAbleToPerformForTripleTheCompleteWordAfterTheNormalScrabbleSum()" classname="com.amaap.scrabblegame.domain.TriplesTest" time="0.0"/>
  <testcase name="shouldBeAbleThrowLetterNotPresentExceptionWhenLetterToTripleIsNotPresent()" classname="com.amaap.scrabblegame.domain.TriplesTest" time="0.005"/>
  <system-out><![CDATA[]]></system-out>
  <system-err><![CDATA[]]></system-err>
</testsuite>
