<?xml version="1.0" encoding="UTF-8"?>
<testsuite name="ScrabbleTest" tests="1" skipped="0" failures="0" errors="0" timestamp="2024-03-17T04:24:37" hostname="RAHULSLAPPY" time="0.067">
  <properties/>
  <testcase name="shouldAbleTOCreateInstanceOfScrabbleClass()" classname="ScrabbleTest" time="0.067"/>
  <system-out><![CDATA[]]></system-out>
  <system-err><![CDATA[]]></system-err>
</testsuite>
