<?xml version="1.0" encoding="UTF-8"?>
<testsuite name="com.amaap.scrabblegame.domain.DoublesTest" tests="2" skipped="0" failures="0" errors="0" timestamp="2024-03-30T03:43:28" hostname="RAHULSLAPPY" time="0.062">
  <properties/>
  <testcase name="shouldAbleToPerformForDoubleTheLetterAfterTheNormalScrabbleSum()" classname="com.amaap.scrabblegame.domain.DoublesTest" time="0.058"/>
  <testcase name="shouldAbleToPerformForDoubleTheWordAfterTheNormalScrabbleSum()" classname="com.amaap.scrabblegame.domain.DoublesTest" time="0.001"/>
  <system-out><![CDATA[]]></system-out>
  <system-err><![CDATA[]]></system-err>
</testsuite>
