<?xml version="1.0" encoding="UTF-8"?>
<testsuite name="com.amaap.scrabblegame.domain.sevice.PlayerInteractionServiceTest" tests="2" skipped="0" failures="0" errors="0" timestamp="2024-04-29T16:48:21" hostname="RAHULSLAPPY" time="0.01">
  <properties/>
  <testcase name="takeUserInputAsString()" classname="com.amaap.scrabblegame.domain.sevice.PlayerInteractionServiceTest" time="0.005"/>
  <testcase name="takeUserInputAsChar()" classname="com.amaap.scrabblegame.domain.sevice.PlayerInteractionServiceTest" time="0.002"/>
  <system-out><![CDATA[]]></system-out>
  <system-err><![CDATA[]]></system-err>
</testsuite>
