<?xml version="1.0" encoding="UTF-8"?>
<testsuite name="com.amaap.scrabblegame.domain.sevice.ScrabbleScoreCalculatorTest" tests="1" skipped="0" failures="0" errors="0" timestamp="2024-04-29T16:48:21" hostname="RAHULSLAPPY" time="0.001">
  <properties/>
  <testcase name="shouldBeAbleToCalculateTheNormalScrabbleScore()" classname="com.amaap.scrabblegame.domain.sevice.ScrabbleScoreCalculatorTest" time="0.001"/>
  <system-out><![CDATA[]]></system-out>
  <system-err><![CDATA[]]></system-err>
</testsuite>
