<?xml version="1.0" encoding="UTF-8"?>
<testsuite name="com.amaap.scrabblegame.ScrabbleSimulatorTest" tests="7" skipped="0" failures="0" errors="0" timestamp="2024-03-30T08:50:47" hostname="RAHULSLAPPY" time="0.168">
  <properties/>
  <testcase name="shouldAbleTOCreateInstanceOfScrabbleClass()" classname="com.amaap.scrabblegame.ScrabbleSimulatorTest" time="0.108"/>
  <testcase name="shouldBeAbleToGetDoubleOfLetterWithTheStringSum()" classname="com.amaap.scrabblegame.ScrabbleSimulatorTest" time="0.03"/>
  <testcase name="shouldBeAbleToGetSingleInstance()" classname="com.amaap.scrabblegame.ScrabbleSimulatorTest" time="0.009"/>
  <testcase name="shouldBeAbleToGetDoubleOfWordWithGivenSubStringSum()" classname="com.amaap.scrabblegame.ScrabbleSimulatorTest" time="0.001"/>
  <testcase name="shouldAbleToGetScoreOfGivenOneString()" classname="com.amaap.scrabblegame.ScrabbleSimulatorTest" time="0.001"/>
  <testcase name="shouldBeAbleToGetTripleOfLetterWithTheStringSum()" classname="com.amaap.scrabblegame.ScrabbleSimulatorTest" time="0.007"/>
  <testcase name="shouldBeAbleToGetTripleOfWordWithGivenSubStringSum()" classname="com.amaap.scrabblegame.ScrabbleSimulatorTest" time="0.002"/>
  <system-out><![CDATA[]]></system-out>
  <system-err><![CDATA[]]></system-err>
</testsuite>
