<?xml version="1.0" encoding="UTF-8"?>
<testsuite name="com.amaap.scrabblegame.repository.impl.db.impl.FakeDatabaseTest" tests="4" skipped="0" failures="0" errors="0" timestamp="2024-06-15T11:01:13" hostname="RAHULSLAPPY" time="0.292">
  <properties/>
  <testcase name="shouldBeAbleToInsertIntoPlayerTable()" classname="com.amaap.scrabblegame.repository.impl.db.impl.FakeDatabaseTest" time="0.266"/>
  <testcase name="shouldBeAbleToGetPlayersData()" classname="com.amaap.scrabblegame.repository.impl.db.impl.FakeDatabaseTest" time="0.007"/>
  <testcase name="shouldBeAbleToGetPlayers()" classname="com.amaap.scrabblegame.repository.impl.db.impl.FakeDatabaseTest" time="0.002"/>
  <testcase name="shouldBeAbleToInsertIntoScoreTable()" classname="com.amaap.scrabblegame.repository.impl.db.impl.FakeDatabaseTest" time="0.003"/>
  <system-out><![CDATA[]]></system-out>
  <system-err><![CDATA[]]></system-err>
</testsuite>
